<?xml version="1.0" encoding="UTF-8"?>
<!-- Generated by org.testng.reporters.JUnitXMLReporter -->
<testsuite ignored="6" hostname="LAPTOP-6J9D3RIU" failures="0" tests="3" name="Test1" time="19.396" errors="0" timestamp="2023-02-27T16:03:22 IST">
  <testcase classname="com.application.test.ApplicationTest" name="verifyApplicationTitle" time="4.671"/>
  <testcase classname="com.application.test.ApplicationTest" name="verifyApplicationLogo" time="4.685"/>
  <testcase classname="com.application.test.ApplicationTest" name="verifyApplicationCaption" time="2.784"/>
  <testcase classname="com.application.test.ApplicationTest" name="verifyApplicationLogin" time="0.0">
    <ignored/>
  </testcase> <!-- verifyApplicationLogin -->
  <testcase classname="com.application.test.ApplicationTest" name="verifyRegistrationPage" time="0.0">
    <ignored/>
  </testcase> <!-- verifyRegistrationPage -->
  <testcase classname="com.application.test.ApplicationTest" name="verifyApplicationLoginPageHeader" time="0.0">
    <ignored/>
  </testcase> <!-- verifyApplicationLoginPageHeader -->
  <testcase classname="com.application.test.ApplicationTest" name="verifyForgotLoginInfoLink" time="0.0">
    <ignored/>
  </testcase> <!-- verifyForgotLoginInfoLink -->
  <testcase classname="com.application.test.ApplicationTest" name="verifyRegistractionLink" time="0.0">
    <ignored/>
  </testcase> <!-- verifyRegistractionLink -->
  <testcase classname="com.application.test.ApplicationTest" name="verifyForgotLoginInfoPage" time="0.0">
    <ignored/>
  </testcase> <!-- verifyForgotLoginInfoPage -->
</testsuite> <!-- Test1 -->
