<?xml version="1.0" encoding="UTF-8"?>
<testng-results ignored="6" total="9" passed="3" failed="0" skipped="0">
  <reporter-output>
  </reporter-output>
  <suite started-at="2023-02-27T16:03:03 IST" name="Suite" finished-at="2023-02-27T16:03:22 IST" duration-ms="19396">
    <groups>
      <group name="Sanity">
        <method signature="ApplicationTest.verifyApplicationCaption()[pri:3, instance:com.application.test.ApplicationTest@a38c7fe]" name="verifyApplicationCaption" class="com.application.test.ApplicationTest"/>
        <method signature="ApplicationTest.verifyApplicationLogo()[pri:2, instance:com.application.test.ApplicationTest@a38c7fe]" name="verifyApplicationLogo" class="com.application.test.ApplicationTest"/>
        <method signature="ApplicationTest.verifyApplicationLogin(java.lang.String,java.lang.String)[pri:5, instance:com.application.test.ApplicationTest@27406a17]" name="verifyApplicationLogin" class="com.application.test.ApplicationTest"/>
        <method signature="ApplicationTest.verifyApplicationLoginPageHeader()[pri:4, instance:com.application.test.ApplicationTest@27406a17]" name="verifyApplicationLoginPageHeader" class="com.application.test.ApplicationTest"/>
      </group> <!-- Sanity -->
      <group name="Regression">
        <method signature="ApplicationTest.verifyApplicationLogin(java.lang.String,java.lang.String)[pri:5, instance:com.application.test.ApplicationTest@27406a17]" name="verifyApplicationLogin" class="com.application.test.ApplicationTest"/>
      </group> <!-- Regression -->
      <group name="Smoke">
        <method signature="ApplicationTest.verifyApplicationTitle()[pri:1, instance:com.application.test.ApplicationTest@a38c7fe]" name="verifyApplicationTitle" class="com.application.test.ApplicationTest"/>
        <method signature="ApplicationTest.verifyApplicationLoginPageHeader()[pri:4, instance:com.application.test.ApplicationTest@27406a17]" name="verifyApplicationLoginPageHeader" class="com.application.test.ApplicationTest"/>
      </group> <!-- Smoke -->
    </groups>
    <test started-at="2023-02-27T16:03:03 IST" name="Test1" finished-at="2023-02-27T16:03:22 IST" duration-ms="19396">
      <class name="com.application.test.ApplicationTest">
        <test-method is-config="true" signature="setupBrowser(java.lang.String)[pri:0, instance:com.application.test.ApplicationTest@a38c7fe]" started-at="2023-02-27T16:03:03 IST" name="setupBrowser" finished-at="2023-02-27T16:03:06 IST" duration-ms="3130" status="PASS">
          <params>
            <param index="0">
              <value>
                <![CDATA[chrome]]>
              </value>
            </param>
          </params>
          <reporter-output>
          </reporter-output>
        </test-method> <!-- setupBrowser -->
        <test-method signature="verifyApplicationTitle()[pri:1, instance:com.application.test.ApplicationTest@a38c7fe]" started-at="2023-02-27T16:03:06 IST" name="verifyApplicationTitle" finished-at="2023-02-27T16:03:11 IST" duration-ms="4671" status="PASS">
          <reporter-output>
          </reporter-output>
        </test-method> <!-- verifyApplicationTitle -->
        <test-method is-config="true" signature="tearDownBrowser()[pri:0, instance:com.application.test.ApplicationTest@a38c7fe]" started-at="2023-02-27T16:03:11 IST" name="tearDownBrowser" finished-at="2023-02-27T16:03:11 IST" duration-ms="320" status="PASS">
          <reporter-output>
          </reporter-output>
        </test-method> <!-- tearDownBrowser -->
        <test-method is-config="true" signature="setupBrowser(java.lang.String)[pri:0, instance:com.application.test.ApplicationTest@a38c7fe]" started-at="2023-02-27T16:03:11 IST" name="setupBrowser" finished-at="2023-02-27T16:03:13 IST" duration-ms="1247" status="PASS">
          <params>
            <param index="0">
              <value>
                <![CDATA[chrome]]>
              </value>
            </param>
          </params>
          <reporter-output>
          </reporter-output>
        </test-method> <!-- setupBrowser -->
        <test-method signature="verifyApplicationLogo()[pri:2, instance:com.application.test.ApplicationTest@a38c7fe]" started-at="2023-02-27T16:03:13 IST" name="verifyApplicationLogo" finished-at="2023-02-27T16:03:17 IST" duration-ms="4685" status="PASS">
          <reporter-output>
          </reporter-output>
        </test-method> <!-- verifyApplicationLogo -->
        <test-method is-config="true" signature="tearDownBrowser()[pri:0, instance:com.application.test.ApplicationTest@a38c7fe]" started-at="2023-02-27T16:03:17 IST" name="tearDownBrowser" finished-at="2023-02-27T16:03:18 IST" duration-ms="621" status="PASS">
          <reporter-output>
          </reporter-output>
        </test-method> <!-- tearDownBrowser -->
        <test-method is-config="true" signature="setupBrowser(java.lang.String)[pri:0, instance:com.application.test.ApplicationTest@a38c7fe]" started-at="2023-02-27T16:03:18 IST" name="setupBrowser" finished-at="2023-02-27T16:03:19 IST" duration-ms="1142" status="PASS">
          <params>
            <param index="0">
              <value>
                <![CDATA[chrome]]>
              </value>
            </param>
          </params>
          <reporter-output>
          </reporter-output>
        </test-method> <!-- setupBrowser -->
        <test-method signature="verifyApplicationCaption()[pri:3, instance:com.application.test.ApplicationTest@a38c7fe]" started-at="2023-02-27T16:03:19 IST" name="verifyApplicationCaption" finished-at="2023-02-27T16:03:22 IST" duration-ms="2784" status="PASS">
          <reporter-output>
          </reporter-output>
        </test-method> <!-- verifyApplicationCaption -->
        <test-method is-config="true" signature="tearDownBrowser()[pri:0, instance:com.application.test.ApplicationTest@a38c7fe]" started-at="2023-02-27T16:03:22 IST" name="tearDownBrowser" finished-at="2023-02-27T16:03:22 IST" duration-ms="284" status="PASS">
          <reporter-output>
          </reporter-output>
        </test-method> <!-- tearDownBrowser -->
      </class> <!-- com.application.test.ApplicationTest -->
    </test> <!-- Test1 -->
  </suite> <!-- Suite -->
</testng-results>
